2026-03-10 12:25:02.008+0000 INFO  CREATE USER neo4j PASSWORD ****** CHANGE NOT REQUIRED
2026-03-10 12:25:02.248+0000 INFO  CREATE ROLE admin
2026-03-10 12:25:02.249+0000 INFO  GRANT TRANSACTION MANAGEMENT ON DATABASE * TO admin
2026-03-10 12:25:02.252+0000 INFO  GRANT START ON DATABASE * TO admin
2026-03-10 12:25:02.252+0000 INFO  GRANT STOP ON DATABASE * TO admin
2026-03-10 12:25:02.253+0000 INFO  GRANT ALL ON DBMS TO admin
2026-03-10 12:25:02.253+0000 INFO  GRANT CONSTRAINT MANAGEMENT ON DATABASE * TO admin
2026-03-10 12:25:02.253+0000 INFO  GRANT INDEX MANAGEMENT ON DATABASE * TO admin
2026-03-10 12:25:02.253+0000 INFO  GRANT NAME MANAGEMENT ON DATABASE * TO admin
2026-03-10 12:25:02.253+0000 INFO  GRANT WRITE ON GRAPH * TO admin
2026-03-10 12:25:02.254+0000 INFO  GRANT MATCH {*} ON GRAPH * TO admin
2026-03-10 12:25:02.254+0000 INFO  GRANT ACCESS ON DATABASE * TO admin
2026-03-10 12:25:02.254+0000 INFO  GRANT SHOW INDEX ON DATABASE * TO admin
2026-03-10 12:25:02.254+0000 INFO  GRANT SHOW CONSTRAINTS ON DATABASE * TO admin
2026-03-10 12:25:02.254+0000 INFO  GRANT LOAD ON ALL DATA TO admin
2026-03-10 12:25:02.254+0000 INFO  CREATE ROLE architect
2026-03-10 12:25:02.256+0000 INFO  GRANT CONSTRAINT MANAGEMENT ON DATABASE * TO architect
2026-03-10 12:25:02.256+0000 INFO  GRANT INDEX MANAGEMENT ON DATABASE * TO architect
2026-03-10 12:25:02.256+0000 INFO  GRANT NAME MANAGEMENT ON DATABASE * TO architect
2026-03-10 12:25:02.256+0000 INFO  GRANT WRITE ON GRAPH * TO architect
2026-03-10 12:25:02.256+0000 INFO  GRANT MATCH {*} ON GRAPH * TO architect
2026-03-10 12:25:02.256+0000 INFO  GRANT ACCESS ON DATABASE * TO architect
2026-03-10 12:25:02.256+0000 INFO  GRANT SHOW INDEX ON DATABASE * TO architect
2026-03-10 12:25:02.256+0000 INFO  GRANT SHOW CONSTRAINTS ON DATABASE * TO architect
2026-03-10 12:25:02.256+0000 INFO  CREATE ROLE publisher
2026-03-10 12:25:02.257+0000 INFO  GRANT NAME MANAGEMENT ON DATABASE * TO publisher
2026-03-10 12:25:02.257+0000 INFO  GRANT WRITE ON GRAPH * TO publisher
2026-03-10 12:25:02.258+0000 INFO  GRANT MATCH {*} ON GRAPH * TO publisher
2026-03-10 12:25:02.258+0000 INFO  GRANT ACCESS ON DATABASE * TO publisher
2026-03-10 12:25:02.258+0000 INFO  GRANT SHOW INDEX ON DATABASE * TO publisher
2026-03-10 12:25:02.258+0000 INFO  GRANT SHOW CONSTRAINTS ON DATABASE * TO publisher
2026-03-10 12:25:02.258+0000 INFO  CREATE ROLE editor
2026-03-10 12:25:02.259+0000 INFO  GRANT WRITE ON GRAPH * TO editor
2026-03-10 12:25:02.259+0000 INFO  GRANT MATCH {*} ON GRAPH * TO editor
2026-03-10 12:25:02.259+0000 INFO  GRANT ACCESS ON DATABASE * TO editor
2026-03-10 12:25:02.259+0000 INFO  GRANT SHOW INDEX ON DATABASE * TO editor
2026-03-10 12:25:02.259+0000 INFO  GRANT SHOW CONSTRAINTS ON DATABASE * TO editor
2026-03-10 12:25:02.259+0000 INFO  CREATE ROLE reader
2026-03-10 12:25:02.260+0000 INFO  GRANT MATCH {*} ON GRAPH * TO reader
2026-03-10 12:25:02.260+0000 INFO  GRANT ACCESS ON DATABASE * TO reader
2026-03-10 12:25:02.260+0000 INFO  GRANT SHOW INDEX ON DATABASE * TO reader
2026-03-10 12:25:02.260+0000 INFO  GRANT SHOW CONSTRAINTS ON DATABASE * TO reader
2026-03-10 12:25:02.260+0000 INFO  CREATE ROLE PUBLIC
2026-03-10 12:25:02.260+0000 INFO  GRANT ACCESS ON HOME DATABASE TO PUBLIC
2026-03-10 12:25:02.261+0000 INFO  GRANT EXECUTE PROCEDURE * ON DBMS TO PUBLIC
2026-03-10 12:25:02.261+0000 INFO  GRANT EXECUTE FUNCTION * ON DBMS TO PUBLIC
2026-03-10 12:25:02.261+0000 INFO  GRANT LOAD ON ALL DATA TO PUBLIC
2026-03-10 12:25:02.261+0000 INFO  GRANT ROLE admin TO neo4j
2026-03-10 12:25:13.983+0000 INFO  [neo4j]: logged in
2026-03-10 12:25:17.845+0000 INFO  [neo4j]: logged in
2026-03-10 12:25:18.494+0000 INFO  [neo4j]: logged in
2026-03-10 12:25:18.506+0000 INFO  [neo4j]: logged in
2026-03-10 12:25:18.526+0000 INFO  [neo4j]: logged in
2026-03-10 12:25:18.540+0000 INFO  [neo4j]: logged in
2026-03-10 12:25:18.552+0000 INFO  [neo4j]: logged in
2026-03-10 12:25:18.569+0000 INFO  [neo4j]: logged in
2026-03-10 12:25:18.585+0000 INFO  [neo4j]: logged in
2026-03-10 12:34:40.991+0000 INFO  [neo4j]: logged in
2026-03-10 12:34:44.414+0000 INFO  [neo4j]: logged in
2026-03-10 12:34:45.020+0000 INFO  [neo4j]: logged in
2026-03-10 12:34:45.031+0000 INFO  [neo4j]: logged in
2026-03-10 12:34:45.085+0000 INFO  [neo4j]: logged in
2026-03-10 12:34:45.085+0000 INFO  [neo4j]: logged in
2026-03-10 12:34:45.085+0000 INFO  [neo4j]: logged in
2026-03-10 12:34:45.103+0000 INFO  [neo4j]: logged in
2026-03-10 12:34:45.127+0000 INFO  [neo4j]: logged in
2026-03-10 13:35:03.402+0000 INFO  [neo4j]: logged in
2026-03-10 13:36:47.793+0000 INFO  [neo4j]: logged in
2026-03-10 13:36:47.809+0000 INFO  [neo4j]: logged in
2026-03-10 13:36:47.834+0000 INFO  [neo4j]: logged in
2026-03-11 05:27:32.221+0000 INFO  [neo4j]: logged in
2026-03-11 05:27:36.166+0000 INFO  [neo4j]: logged in
2026-03-11 05:27:36.744+0000 INFO  [neo4j]: logged in
2026-03-11 05:27:36.759+0000 INFO  [neo4j]: logged in
2026-03-11 05:27:36.777+0000 INFO  [neo4j]: logged in
2026-03-11 05:27:36.790+0000 INFO  [neo4j]: logged in
2026-03-11 05:27:36.808+0000 INFO  [neo4j]: logged in
2026-03-11 05:27:36.822+0000 INFO  [neo4j]: logged in
2026-03-11 05:27:36.838+0000 INFO  [neo4j]: logged in
2026-03-11 05:49:44.735+0000 INFO  [neo4j]: logged in
2026-03-11 05:49:44.820+0000 INFO  [neo4j]: logged in
2026-03-11 05:49:44.921+0000 INFO  [neo4j]: logged in
2026-03-11 05:49:44.939+0000 INFO  [neo4j]: logged in
2026-03-11 05:49:44.951+0000 INFO  [neo4j]: logged in
2026-03-11 05:49:44.990+0000 INFO  [neo4j]: logged in
2026-03-11 05:49:44.998+0000 INFO  [neo4j]: logged in
2026-03-11 05:49:45.022+0000 INFO  [neo4j]: logged in
2026-03-11 05:49:45.028+0000 INFO  [neo4j]: logged in
2026-03-11 06:39:07.270+0000 INFO  [neo4j]: logged in
2026-03-11 06:39:15.046+0000 INFO  [neo4j]: logged in
2026-03-11 06:39:16.190+0000 INFO  [neo4j]: logged in
2026-03-11 06:39:16.224+0000 INFO  [neo4j]: logged in
2026-03-11 06:39:16.251+0000 INFO  [neo4j]: logged in
2026-03-11 06:39:16.300+0000 INFO  [neo4j]: logged in
2026-03-11 06:39:16.326+0000 INFO  [neo4j]: logged in
2026-03-11 06:39:16.346+0000 INFO  [neo4j]: logged in
2026-03-11 06:39:16.364+0000 INFO  [neo4j]: logged in
2026-03-11 07:00:36.922+0000 INFO  [neo4j]: logged in
2026-03-11 07:04:44.478+0000 INFO  [neo4j]: logged in
2026-03-11 07:07:15.836+0000 INFO  [neo4j]: logged in
2026-03-11 07:07:18.609+0000 INFO  [neo4j]: logged in
2026-03-11 07:07:20.183+0000 INFO  [neo4j]: logged in
2026-03-11 07:07:20.229+0000 INFO  [neo4j]: logged in
2026-03-11 07:07:20.248+0000 INFO  [neo4j]: logged in
2026-03-11 07:07:20.283+0000 INFO  [neo4j]: logged in
2026-03-11 07:07:20.300+0000 INFO  [neo4j]: logged in
2026-03-11 07:07:20.376+0000 INFO  [neo4j]: logged in
2026-03-11 07:07:20.398+0000 INFO  [neo4j]: logged in
2026-03-11 08:07:21.211+0000 INFO  [neo4j]: logged in
2026-03-11 08:11:16.849+0000 INFO  [neo4j]: logged in
2026-03-11 08:11:16.979+0000 INFO  [neo4j]: logged in
2026-03-11 08:11:17.065+0000 INFO  [neo4j]: logged in
2026-03-11 08:11:17.071+0000 INFO  [neo4j]: logged in
2026-03-11 08:11:17.112+0000 INFO  [neo4j]: logged in
2026-03-11 08:11:17.116+0000 INFO  [neo4j]: logged in
2026-03-11 08:11:17.129+0000 INFO  [neo4j]: logged in
2026-03-11 08:11:17.252+0000 INFO  [neo4j]: logged in
2026-03-11 08:11:17.367+0000 INFO  [neo4j]: logged in
2026-03-11 15:32:00.766+0000 INFO  [neo4j]: logged in
2026-03-11 15:32:09.101+0000 INFO  [neo4j]: logged in
2026-03-11 15:32:10.660+0000 INFO  [neo4j]: logged in
2026-03-11 15:32:10.676+0000 INFO  [neo4j]: logged in
2026-03-11 15:32:10.692+0000 INFO  [neo4j]: logged in
2026-03-11 15:32:10.734+0000 INFO  [neo4j]: logged in
2026-03-11 15:32:10.746+0000 INFO  [neo4j]: logged in
2026-03-11 15:32:10.778+0000 INFO  [neo4j]: logged in
2026-03-11 15:32:10.794+0000 INFO  [neo4j]: logged in
2026-03-11 15:36:40.291+0000 INFO  [neo4j]: logged in
2026-03-11 15:36:40.312+0000 INFO  [neo4j]: logged in
2026-03-11 15:45:30.522+0000 INFO  [neo4j]: logged in
2026-03-11 16:00:09.436+0000 INFO  [neo4j]: logged in
2026-03-11 17:21:24.699+0000 INFO  [neo4j]: logged in
2026-03-11 17:21:28.576+0000 INFO  [neo4j]: logged in
2026-03-11 17:21:29.096+0000 INFO  [neo4j]: logged in
2026-03-11 17:21:29.126+0000 INFO  [neo4j]: logged in
2026-03-11 17:21:29.145+0000 INFO  [neo4j]: logged in
2026-03-11 17:21:29.157+0000 INFO  [neo4j]: logged in
2026-03-11 17:21:29.171+0000 INFO  [neo4j]: logged in
2026-03-11 17:21:29.187+0000 INFO  [neo4j]: logged in
2026-03-11 17:21:29.206+0000 INFO  [neo4j]: logged in
2026-03-11 18:21:35.086+0000 INFO  [neo4j]: logged in
2026-03-11 18:29:13.010+0000 INFO  [neo4j]: logged in
2026-03-11 19:09:22.794+0000 INFO  [neo4j]: logged in
2026-03-11 19:17:52.103+0000 INFO  [neo4j]: logged in
2026-03-11 19:17:52.300+0000 INFO  [neo4j]: logged in
2026-03-11 19:48:53.628+0000 INFO  [neo4j]: logged in
2026-03-11 19:48:53.648+0000 INFO  [neo4j]: logged in
2026-03-11 20:49:22.576+0000 INFO  [neo4j]: logged in
2026-03-25 09:00:58.515+0000 INFO  [neo4j]: logged in
2026-03-25 09:23:50.034+0000 INFO  [neo4j]: logged in
2026-03-25 09:23:54.228+0000 INFO  [neo4j]: logged in
2026-03-25 09:23:54.728+0000 INFO  [neo4j]: logged in
2026-03-25 09:23:54.742+0000 INFO  [neo4j]: logged in
2026-03-25 09:23:54.760+0000 INFO  [neo4j]: logged in
2026-03-25 09:23:54.771+0000 INFO  [neo4j]: logged in
2026-03-25 09:23:54.786+0000 INFO  [neo4j]: logged in
2026-03-25 09:23:54.801+0000 INFO  [neo4j]: logged in
2026-03-25 09:23:54.840+0000 INFO  [neo4j]: logged in
2026-03-25 09:29:13.700+0000 INFO  [neo4j]: logged in
2026-03-25 09:30:15.395+0000 INFO  [neo4j]: logged in
2026-03-25 09:30:17.598+0000 INFO  [neo4j]: logged in
2026-03-25 09:30:20.787+0000 INFO  [neo4j]: logged in
2026-03-25 09:30:21.308+0000 INFO  [neo4j]: logged in
2026-03-25 09:30:21.322+0000 INFO  [neo4j]: logged in
2026-03-25 09:30:21.353+0000 INFO  [neo4j]: logged in
2026-03-25 09:30:21.354+0000 INFO  [neo4j]: logged in
2026-03-25 09:30:21.371+0000 INFO  [neo4j]: logged in
2026-03-25 09:30:21.388+0000 INFO  [neo4j]: logged in
2026-03-25 09:30:21.403+0000 INFO  [neo4j]: logged in
2026-03-25 10:28:45.639+0000 INFO  [neo4j]: logged in
